[0.054s] Invoking command in '/home/air/桌面/ROS2无人车/build/helloworld_cpp': CMAKE_PREFIX_PATH=${CMAKE_PREFIX_PATH}:/opt/ros/jazzy DEBUGINFOD_URLS=https://debuginfod.ubuntu.com /usr/bin/cmake /home/air/桌面/ROS2无人车/src/helloworld_cpp -DCMAKE_INSTALL_PREFIX=/home/air/桌面/ROS2无人车/install/helloworld_cpp
[0.798s] -- The C compiler identification is GNU 13.3.0
[1.272s] -- The CXX compiler identification is GNU 13.3.0
[1.356s] -- Detecting C compiler ABI info
[1.751s] -- Detecting C compiler ABI info - done
[1.773s] -- Check for working C compiler: /usr/bin/cc - skipped
[1.776s] -- Detecting C compile features
[1.777s] -- Detecting C compile features - done
[1.814s] -- Detecting CXX compiler ABI info
[2.165s] -- Detecting CXX compiler ABI info - done
[2.185s] -- Check for working CXX compiler: /usr/bin/c++ - skipped
[2.186s] -- Detecting CXX compile features
[2.187s] -- Detecting CXX compile features - done
[2.242s] -- Found ament_cmake: 2.5.4 (/opt/ros/jazzy/share/ament_cmake/cmake)
[2.651s] -- Found Python3: /usr/bin/python3 (found version "3.12.3") found components: Interpreter 
[3.045s] -- Found rclcpp: 28.1.11 (/opt/ros/jazzy/share/rclcpp/cmake)
[3.246s] -- Found rosidl_generator_c: 4.6.6 (/opt/ros/jazzy/share/rosidl_generator_c/cmake)
[3.295s] -- Found rosidl_generator_cpp: 4.6.6 (/opt/ros/jazzy/share/rosidl_generator_cpp/cmake)
[3.402s] -- Using all available rosidl_typesupport_c: rosidl_typesupport_fastrtps_c;rosidl_typesupport_introspection_c
[3.479s] -- Using all available rosidl_typesupport_cpp: rosidl_typesupport_fastrtps_cpp;rosidl_typesupport_introspection_cpp
[3.762s] -- Found rmw_implementation_cmake: 7.3.2 (/opt/ros/jazzy/share/rmw_implementation_cmake/cmake)
[3.777s] -- Found rmw_fastrtps_cpp: 8.4.3 (/opt/ros/jazzy/share/rmw_fastrtps_cpp/cmake)
[4.135s] -- Found OpenSSL: /usr/lib/x86_64-linux-gnu/libcrypto.so (found version "3.0.13")  
[4.185s] -- Found FastRTPS: /opt/ros/jazzy/include (Required is at least version "2.13") 
[4.239s] -- Using RMW implementation 'rmw_fastrtps_cpp' as default
[4.521s] -- Found ament_lint_auto: 0.17.3 (/opt/ros/jazzy/share/ament_lint_auto/cmake)
[4.817s] -- Added test 'cppcheck' to perform static code analysis on C / C++ code
[4.818s] -- Configured cppcheck include dirs: $<BUILD_INTERFACE:/home/air/桌面/ROS2无人车/src/helloworld_cpp/include>
[4.819s] -- Configured cppcheck exclude dirs and/or files: 
[4.821s] -- Added test 'lint_cmake' to check CMake code style
[4.826s] -- Added test 'uncrustify' to check C / C++ code style
[4.826s] -- Configured uncrustify additional arguments: 
[4.828s] -- Added test 'xmllint' to check XML markup files
[4.838s] -- Configuring done (4.7s)
[4.873s] -- Generating done (0.0s)
[4.884s] -- Build files have been written to: /home/air/桌面/ROS2无人车/build/helloworld_cpp
[4.910s] Invoked command in '/home/air/桌面/ROS2无人车/build/helloworld_cpp' returned '0': CMAKE_PREFIX_PATH=${CMAKE_PREFIX_PATH}:/opt/ros/jazzy DEBUGINFOD_URLS=https://debuginfod.ubuntu.com /usr/bin/cmake /home/air/桌面/ROS2无人车/src/helloworld_cpp -DCMAKE_INSTALL_PREFIX=/home/air/桌面/ROS2无人车/install/helloworld_cpp
[4.911s] Invoking command in '/home/air/桌面/ROS2无人车/build/helloworld_cpp': CMAKE_PREFIX_PATH=${CMAKE_PREFIX_PATH}:/opt/ros/jazzy DEBUGINFOD_URLS=https://debuginfod.ubuntu.com /usr/bin/cmake --build /home/air/桌面/ROS2无人车/build/helloworld_cpp -- -j16 -l16
[5.050s] [ 50%] [32mBuilding CXX object CMakeFiles/helloworld-node.dir/src/helloworld-node.cpp.o[0m
[5.077s] [01m[K/home/air/桌面/ROS2无人车/src/helloworld_cpp/src/helloworld-node.cpp:1:10:[m[K [01;31m[Kfatal error: [m[Krclcpp.hpp: 没有那个文件或目录
[5.077s]     1 | #include [01;31m[K"rclcpp.hpp"[m[K
[5.077s]       |          [01;31m[K^~~~~~~~~~~~[m[K
[5.077s] compilation terminated.
[5.083s] gmake[2]: *** [CMakeFiles/helloworld-node.dir/build.make:76：CMakeFiles/helloworld-node.dir/src/helloworld-node.cpp.o] 错误 1
[5.084s] gmake[1]: *** [CMakeFiles/Makefile2:137：CMakeFiles/helloworld-node.dir/all] 错误 2
[5.085s] gmake: *** [Makefile:146：all] 错误 2
[5.093s] Invoked command in '/home/air/桌面/ROS2无人车/build/helloworld_cpp' returned '2': CMAKE_PREFIX_PATH=${CMAKE_PREFIX_PATH}:/opt/ros/jazzy DEBUGINFOD_URLS=https://debuginfod.ubuntu.com /usr/bin/cmake --build /home/air/桌面/ROS2无人车/build/helloworld_cpp -- -j16 -l16
