[ 50%] [32mBuilding CXX object CMakeFiles/helloworld-node.dir/src/helloworld-node.cpp.o[0m
[100%] [32m[1mLinking CXX executable helloworld-node[0m
[100%] Built target helloworld-node
-- Install configuration: ""
-- Installing: /home/air/æ¡Œé¢/ROS2æ— äººè½¦/install/helloworld_cpp/lib/helloworld_cpp/helloworld-node
-- Set non-toolchain portion of runtime path of "/home/air/æ¡Œé¢/ROS2æ— äººè½¦/install/helloworld_cpp/lib/helloworld_cpp/helloworld-node" to ""
-- Up-to-date: /home/air/æ¡Œé¢/ROS2æ— äººè½¦/install/helloworld_cpp/share/ament_index/resource_index/package_run_dependencies/helloworld_cpp
-- Up-to-date: /home/air/æ¡Œé¢/ROS2æ— äººè½¦/install/helloworld_cpp/share/ament_index/resource_index/parent_prefix_path/helloworld_cpp
-- Up-to-date: /home/air/æ¡Œé¢/ROS2æ— äººè½¦/install/helloworld_cpp/share/helloworld_cpp/environment/ament_prefix_path.sh
-- Up-to-date: /home/air/æ¡Œé¢/ROS2æ— äººè½¦/install/helloworld_cpp/share/helloworld_cpp/environment/ament_prefix_path.dsv
-- Up-to-date: /home/air/æ¡Œé¢/ROS2æ— äººè½¦/install/helloworld_cpp/share/helloworld_cpp/environment/path.sh
-- Up-to-date: /home/air/æ¡Œé¢/ROS2æ— äººè½¦/install/helloworld_cpp/share/helloworld_cpp/environment/path.dsv
-- Up-to-date: /home/air/æ¡Œé¢/ROS2æ— äººè½¦/install/helloworld_cpp/share/helloworld_cpp/local_setup.bash
-- Up-to-date: /home/air/æ¡Œé¢/ROS2æ— äººè½¦/install/helloworld_cpp/share/helloworld_cpp/local_setup.sh
-- Up-to-date: /home/air/æ¡Œé¢/ROS2æ— äººè½¦/install/helloworld_cpp/share/helloworld_cpp/local_setup.zsh
-- Up-to-date: /home/air/æ¡Œé¢/ROS2æ— äººè½¦/install/helloworld_cpp/share/helloworld_cpp/local_setup.dsv
-- Installing: /home/air/æ¡Œé¢/ROS2æ— äººè½¦/install/helloworld_cpp/share/helloworld_cpp/package.dsv
-- Up-to-date: /home/air/æ¡Œé¢/ROS2æ— äººè½¦/install/helloworld_cpp/share/ament_index/resource_index/packages/helloworld_cpp
-- Up-to-date: /home/air/æ¡Œé¢/ROS2æ— äººè½¦/install/helloworld_cpp/share/helloworld_cpp/cmake/helloworld_cppConfig.cmake
-- Up-to-date: /home/air/æ¡Œé¢/ROS2æ— äººè½¦/install/helloworld_cpp/share/helloworld_cpp/cmake/helloworld_cppConfig-version.cmake
-- Up-to-date: /home/air/æ¡Œé¢/ROS2æ— äººè½¦/install/helloworld_cpp/share/helloworld_cpp/package.xml
