[0.057s] Invoking command in '/home/air/桌面/ROS2无人车/build/helloworld_cpp': CMAKE_PREFIX_PATH=${CMAKE_PREFIX_PATH}:/opt/ros/jazzy DEBUGINFOD_URLS=https://debuginfod.ubuntu.com /usr/bin/cmake --build /home/air/桌面/ROS2无人车/build/helloworld_cpp -- -j16 -l16
[0.400s] [100%] Built target helloworld-node
[0.436s] Invoked command in '/home/air/桌面/ROS2无人车/build/helloworld_cpp' returned '0': CMAKE_PREFIX_PATH=${CMAKE_PREFIX_PATH}:/opt/ros/jazzy DEBUGINFOD_URLS=https://debuginfod.ubuntu.com /usr/bin/cmake --build /home/air/桌面/ROS2无人车/build/helloworld_cpp -- -j16 -l16
[0.472s] Invoking command in '/home/air/桌面/ROS2无人车/build/helloworld_cpp': CMAKE_PREFIX_PATH=${CMAKE_PREFIX_PATH}:/opt/ros/jazzy DEBUGINFOD_URLS=https://debuginfod.ubuntu.com /usr/bin/cmake --install /home/air/桌面/ROS2无人车/build/helloworld_cpp
[0.504s] -- Install configuration: ""
[0.512s] -- Up-to-date: /home/air/桌面/ROS2无人车/install/helloworld_cpp/lib/helloworld_cpp/helloworld-node
[0.514s] -- Up-to-date: /home/air/桌面/ROS2无人车/install/helloworld_cpp/share/ament_index/resource_index/package_run_dependencies/helloworld_cpp
[0.515s] -- Up-to-date: /home/air/桌面/ROS2无人车/install/helloworld_cpp/share/ament_index/resource_index/parent_prefix_path/helloworld_cpp
[0.515s] -- Up-to-date: /home/air/桌面/ROS2无人车/install/helloworld_cpp/share/helloworld_cpp/environment/ament_prefix_path.sh
[0.515s] -- Up-to-date: /home/air/桌面/ROS2无人车/install/helloworld_cpp/share/helloworld_cpp/environment/ament_prefix_path.dsv
[0.516s] -- Up-to-date: /home/air/桌面/ROS2无人车/install/helloworld_cpp/share/helloworld_cpp/environment/path.sh
[0.516s] -- Up-to-date: /home/air/桌面/ROS2无人车/install/helloworld_cpp/share/helloworld_cpp/environment/path.dsv
[0.516s] -- Up-to-date: /home/air/桌面/ROS2无人车/install/helloworld_cpp/share/helloworld_cpp/local_setup.bash
[0.516s] -- Up-to-date: /home/air/桌面/ROS2无人车/install/helloworld_cpp/share/helloworld_cpp/local_setup.sh
[0.517s] -- Up-to-date: /home/air/桌面/ROS2无人车/install/helloworld_cpp/share/helloworld_cpp/local_setup.zsh
[0.517s] -- Up-to-date: /home/air/桌面/ROS2无人车/install/helloworld_cpp/share/helloworld_cpp/local_setup.dsv
[0.518s] -- Installing: /home/air/桌面/ROS2无人车/install/helloworld_cpp/share/helloworld_cpp/package.dsv
[0.520s] -- Up-to-date: /home/air/桌面/ROS2无人车/install/helloworld_cpp/share/ament_index/resource_index/packages/helloworld_cpp
[0.521s] -- Up-to-date: /home/air/桌面/ROS2无人车/install/helloworld_cpp/share/helloworld_cpp/cmake/helloworld_cppConfig.cmake
[0.521s] -- Up-to-date: /home/air/桌面/ROS2无人车/install/helloworld_cpp/share/helloworld_cpp/cmake/helloworld_cppConfig-version.cmake
[0.522s] -- Up-to-date: /home/air/桌面/ROS2无人车/install/helloworld_cpp/share/helloworld_cpp/package.xml
[0.527s] Invoked command in '/home/air/桌面/ROS2无人车/build/helloworld_cpp' returned '0': CMAKE_PREFIX_PATH=${CMAKE_PREFIX_PATH}:/opt/ros/jazzy DEBUGINFOD_URLS=https://debuginfod.ubuntu.com /usr/bin/cmake --install /home/air/桌面/ROS2无人车/build/helloworld_cpp
